{"level":"info","message":"","timestamp":"2021-01-13T18:12:04.134Z"}
{"message":"","level":"info","timestamp":"2021-01-13T18:12:05.256Z"}
{"message":"Server started!","level":"info","timestamp":"2021-01-13T18:12:09.589Z"}
{"message":"Server started!","level":"info","timestamp":"2021-01-13T18:12:14.282Z"}
{"message":"Server started!","level":"info","timestamp":"2021-01-13T18:12:18.833Z"}
{"message":"Server started!","level":"info","timestamp":"2021-01-13T18:12:23.324Z"}
{"message":"Server started!","level":"info","timestamp":"2021-01-13T18:12:31.293Z"}
{"message":"ssss","level":"error","timestamp":"2021-01-13T18:13:31.772Z"}
{"message":"Server started!","level":"info","timestamp":"2021-01-13T18:13:31.774Z"}
{"message":"ssss","level":"error","timestamp":"2021-01-13T18:13:33.688Z"}
{"message":"Server started!","level":"info","timestamp":"2021-01-13T18:13:33.690Z"}
{"message":"Server started!","level":"info","timestamp":"2021-01-13T18:13:42.786Z"}
{"message":"Server started!","level":"info","timestamp":"2021-01-13T18:13:56.728Z"}
{"message":"Server started!","level":"info","timestamp":"2021-01-13T18:13:58.925Z"}
{"message":"Server started!","level":"info","timestamp":"2021-01-13T18:14:00.245Z"}
{"message":"Server started!","level":"info","timestamp":"2021-01-13T18:14:02.907Z"}
{"message":"Server started!","level":"info","timestamp":"2021-01-13T18:14:06.987Z"}
{"message":"Server started!","level":"info","timestamp":"2021-01-13T18:14:11.183Z"}
{"message":"Missing env param: aaaa","level":"error","timestamp":"2021-01-13T18:14:11.186Z"}
{"message":"Server started!","level":"info","timestamp":"2021-01-13T18:14:50.583Z"}
